<?xml version="1.0" encoding="UTF-8"?>
<!-- Generated by org.testng.reporters.JUnitXMLReporter -->
<testsuite ignored="0" hostname="KQ-LP-049" failures="1" tests="2" name="Test1" time="44.681" errors="0" timestamp="2024-06-12T16:06:57 IST">
  <testcase classname="com.demoqa.qa.test.FullFlowTest" name="enterFormDetails" time="4.473"/>
  <testcase classname="com.demoqa.qa.test.FullFlowTest" name="VerifyDetailsOnPopupWindow" time="0.171">
    <failure type="java.lang.NullPointerException" message="Cannot invoke &amp;quot;com.demoqa.qa.testReports.ExtentSpark.extentWithFailedHighlighted(String, String)&amp;quot; because &amp;quot;this.exSp&amp;quot; is null">
      <![CDATA[java.lang.NullPointerException: Cannot invoke "com.demoqa.qa.testReports.ExtentSpark.extentWithFailedHighlighted(String, String)" because "this.exSp" is null
at com.demoqa.qa.test.FullFlowTest.VerifyDetailsOnPopupWindow(FullFlowTest.java:113)
at java.base/java.util.concurrent.ThreadPoolExecutor.runWorker(ThreadPoolExecutor.java:1136)
at java.base/java.util.concurrent.ThreadPoolExecutor$Worker.run(ThreadPoolExecutor.java:635)
at java.base/java.lang.Thread.run(Thread.java:842)
... Removed 12 stack frames]]>
    </failure>
  </testcase> <!-- VerifyDetailsOnPopupWindow -->
</testsuite> <!-- Test1 -->
